#
# A fatal error has been detected by the Java Runtime Environment:
#
#  EXCEPTION_ACCESS_VIOLATION (0xc0000005) at pc=0x000000005c79bb89, pid=13292, tid=0x0000000000002f48
#
# JRE version: Java(TM) SE Runtime Environment (8.0_131-b11) (build 1.8.0_131-b11)
# Java VM: Java HotSpot(TM) 64-Bit Server VM (25.131-b11 mixed mode windows-amd64 compressed oops)
# Problematic frame:
# C  [glass.dll+0x1bb89]
#
# Failed to write core dump. Minidumps are not enabled by default on client versions of Windows
#
# If you would like to submit a bug report, please visit:
#   http://bugreport.java.com/bugreport/crash.jsp
# The crash happened outside the Java Virtual Machine in native code.
# See problematic frame for where to report the bug.
#

---------------  T H R E A D  ---------------

Current thread (0x00000000179e5000):  JavaThread "JavaFX Application Thread" [_thread_in_native, id=12104, stack(0x00000000186d0000,0x00000000187d0000)]

siginfo: ExceptionCode=0xc0000005, reading address 0x000000001a136388

Registers:
RAX=0x0000000000000000, RBX=0x000000001a136280, RCX=0xab30851333d10000, RDX=0x000000001d36cb38
RSP=0x00000000187cb9e0, RBP=0x00000000187cba39, RSI=0x0000000000000100, RDI=0x000000001a136280
R8 =0x0000000000000011, R9 =0x00000000178c4ca0, R10=0x0000000017fba1b0, R11=0x00000000187cb7c0
R12=0x000000000000000d, R13=0x00000000001c0001, R14=0x000000000000000d, R15=0x00000000001c0001
RIP=0x000000005c79bb89, EFLAGS=0x0000000000010206

Top of Stack: (sp=0x00000000187cb9e0)
0x00000000187cb9e0:   0000000000000411 000000001a136280
0x00000000187cb9f0:   000000001a073600 00000000187cbba8
0x00000000187cba00:   00000000001c0001 000000000000000d
0x00000000187cba10:   0000000000000000 00000000187cba20
0x00000000187cba20:   0000000000180016 0000000000000000
0x00000000187cba30:   0000000000000000 00007ff66b5bc000
0x00000000187cba40:   000000000000000d 0000ab309d6f8a31
0x00000000187cba50:   00000000001807f0 0000000000000100
0x00000000187cba60:   000000000000000d 000000001a136280
0x00000000187cba70:   000000005c781780 00000000001c0001
0x00000000187cba80:   00000000001807f0 0000000000000100
0x00000000187cba90:   000000000000000d 000000005c7817e8
0x00000000187cbaa0:   000000000000000d 0000000000000100
0x00000000187cbab0:   0000000000000001 0000000000000000
0x00000000187cbac0:   0000000000000000 00007ffcd9a224fd
0x00000000187cbad0:   0000000000000001 00000000187cbce8 

Instructions: (pc=0x000000005c79bb89)
0x000000005c79bb69:   00 00 0f 84 75 03 00 00 48 8b 57 08 48 8d 4f 28
0x000000005c79bb79:   4d 8b ce 44 8b c6 4c 89 7c 24 20 e8 27 36 00 00
0x000000005c79bb89:   48 83 bf 08 01 00 00 00 0f 85 46 fd ff ff 49 83
0x000000005c79bb99:   fe 12 0f 84 45 03 00 00 49 83 fe 79 0f 85 32 fd 


Register to memory mapping:

RAX=0x0000000000000000 is an unknown value
RBX=0x000000001a136280 is an unknown value
RCX=0xab30851333d10000 is an unknown value
RDX=0x000000001d36cb38 is an unknown value
RSP=0x00000000187cb9e0 is pointing into the stack for thread: 0x00000000179e5000
RBP=0x00000000187cba39 is pointing into the stack for thread: 0x00000000179e5000
RSI=0x0000000000000100 is an unknown value
RDI=0x000000001a136280 is an unknown value
R8 =0x0000000000000011 is an unknown value
R9 =0x00000000178c4ca0 is an unknown value
R10={method} {0x0000000017fba1b8} 'reportException' '(Ljava/lang/Throwable;)V' in 'com/sun/glass/ui/Application'
R11=0x00000000187cb7c0 is pointing into the stack for thread: 0x00000000179e5000
R12=0x000000000000000d is an unknown value
R13=0x00000000001c0001 is an unknown value
R14=0x000000000000000d is an unknown value
R15=0x00000000001c0001 is an unknown value


Stack: [0x00000000186d0000,0x00000000187d0000],  sp=0x00000000187cb9e0,  free space=1006k
Native frames: (J=compiled Java code, j=interpreted, Vv=VM code, C=native code)
C  [glass.dll+0x1bb89]
C  [glass.dll+0x17e8]
C  [USER32.dll+0x24fd]
C  [USER32.dll+0x2357]
C  [glass.dll+0x9db1]
C  0x0000000003217f74

Java frames: (J=compiled Java code, j=interpreted, Vv=VM code)
j  com.sun.glass.ui.win.WinApplication._enterNestedEventLoopImpl()Ljava/lang/Object;+0
j  com.sun.glass.ui.win.WinApplication._enterNestedEventLoop()Ljava/lang/Object;+15
j  com.sun.glass.ui.Application.enterNestedEventLoop()Ljava/lang/Object;+14
j  com.sun.glass.ui.EventLoop.enter()Ljava/lang/Object;+42
j  com.sun.javafx.tk.quantum.QuantumToolkit.enterNestedEventLoop(Ljava/lang/Object;)Ljava/lang/Object;+107
j  javafx.stage.Stage.showAndWait()V+93
j  ziphil.plugin.ShaleiaWordCountPlugin.call(Lziphil/dictionary/Dictionary;)V+444
j  ziphil.controller.MainController$_updatePluginMenu_closure3.doCall(Ljava/lang/Object;)Ljava/lang/Object;+25
v  ~StubRoutines::call_stub
J 1577  sun.reflect.NativeMethodAccessorImpl.invoke0(Ljava/lang/reflect/Method;Ljava/lang/Object;[Ljava/lang/Object;)Ljava/lang/Object; (0 bytes) @ 0x00000000037af77f [0x00000000037af700+0x7f]
J 1576 C1 sun.reflect.NativeMethodAccessorImpl.invoke(Ljava/lang/Object;[Ljava/lang/Object;)Ljava/lang/Object; (104 bytes) @ 0x00000000037b0da4 [0x00000000037afc00+0x11a4]
J 1494 C1 sun.reflect.DelegatingMethodAccessorImpl.invoke(Ljava/lang/Object;[Ljava/lang/Object;)Ljava/lang/Object; (10 bytes) @ 0x0000000003766504 [0x0000000003766400+0x104]
J 1493 C1 java.lang.reflect.Method.invoke(Ljava/lang/Object;[Ljava/lang/Object;)Ljava/lang/Object; (62 bytes) @ 0x0000000003763cec [0x0000000003763900+0x3ec]
J 3075 C1 org.codehaus.groovy.reflection.CachedMethod.invoke(Ljava/lang/Object;[Ljava/lang/Object;)Ljava/lang/Object; (70 bytes) @ 0x0000000003c511bc [0x0000000003c510c0+0xfc]
J 3074 C1 groovy.lang.MetaMethod.doMethodInvoke(Ljava/lang/Object;[Ljava/lang/Object;)Ljava/lang/Object; (22 bytes) @ 0x0000000003c50884 [0x0000000003c506c0+0x1c4]
J 3077 C1 org.codehaus.groovy.runtime.metaclass.ClosureMetaClass.invokeMethod(Ljava/lang/Class;Ljava/lang/Object;Ljava/lang/String;[Ljava/lang/Object;ZZ)Ljava/lang/Object; (892 bytes) @ 0x0000000003c5966c [0x0000000003c55400+0x426c]
J 3079 C1 groovy.lang.MetaClassImpl.invokeMethod(Ljava/lang/Object;Ljava/lang/String;[Ljava/lang/Object;)Ljava/lang/Object; (14 bytes) @ 0x0000000003c3c3ec [0x0000000003c3c2c0+0x12c]
J 3058 C1 groovy.lang.Closure.call([Ljava/lang/Object;)Ljava/lang/Object; (30 bytes) @ 0x0000000003c5fa54 [0x0000000003c5f880+0x1d4]
J 3061 C1 org.codehaus.groovy.runtime.ConvertedClosure.invokeCustom(Ljava/lang/Object;Ljava/lang/reflect/Method;[Ljava/lang/Object;)Ljava/lang/Object; (35 bytes) @ 0x0000000003c63ae4 [0x0000000003c636a0+0x444]
J 3063 C1 org.codehaus.groovy.runtime.ConversionHandler.invoke(Ljava/lang/Object;Ljava/lang/reflect/Method;[Ljava/lang/Object;)Ljava/lang/Object; (157 bytes) @ 0x0000000003c6665c [0x0000000003c64760+0x1efc]
j  com.sun.proxy.$Proxy17.handle(Ljavafx/event/Event;)V+16
j  com.sun.javafx.event.CompositeEventHandler.dispatchBubblingEvent(Ljavafx/event/Event;)V+51
J 3971 C1 com.sun.javafx.event.EventHandlerManager.dispatchBubblingEvent(Ljavafx/event/EventType;Ljavafx/event/Event;)Ljavafx/event/Event; (34 bytes) @ 0x0000000003f1d704 [0x0000000003f1d180+0x584]
j  com.sun.javafx.event.EventHandlerManager.dispatchBubblingEvent(Ljavafx/event/Event;)Ljavafx/event/Event;+8
j  com.sun.javafx.event.BasicEventDispatcher.dispatchEvent(Ljavafx/event/Event;Ljavafx/event/EventDispatchChain;)Ljavafx/event/Event;+29
J 3985 C1 com.sun.javafx.event.EventDispatchChainImpl.dispatchEvent(Ljavafx/event/Event;)Ljavafx/event/Event; (101 bytes) @ 0x0000000003f2cff4 [0x0000000003f2ce40+0x1b4]
j  com.sun.javafx.event.EventUtil.fireEventImpl(Ljavafx/event/EventDispatchChain;Ljavafx/event/EventTarget;Ljavafx/event/Event;)Ljavafx/event/Event;+10
j  com.sun.javafx.event.EventUtil.fireEvent(Ljavafx/event/EventTarget;Ljavafx/event/Event;)Ljavafx/event/Event;+37
j  javafx.event.Event.fireEvent(Ljavafx/event/EventTarget;Ljavafx/event/Event;)V+30
j  javafx.scene.control.MenuItem.fire()V+10
j  com.sun.javafx.scene.control.skin.ContextMenuContent$MenuItemContainer.doSelect()V+97
j  com.sun.javafx.scene.control.skin.ContextMenuContent$MenuItemContainer.lambda$createChildren$343(Ljavafx/scene/input/MouseEvent;)V+1
j  com.sun.javafx.scene.control.skin.ContextMenuContent$MenuItemContainer$$Lambda$337.handle(Ljavafx/event/Event;)V+8
j  com.sun.javafx.event.CompositeEventHandler$NormalEventHandlerRecord.handleBubblingEvent(Ljavafx/event/Event;)V+5
j  com.sun.javafx.event.CompositeEventHandler.dispatchBubblingEvent(Ljavafx/event/Event;)V+28
J 3971 C1 com.sun.javafx.event.EventHandlerManager.dispatchBubblingEvent(Ljavafx/event/EventType;Ljavafx/event/Event;)Ljavafx/event/Event; (34 bytes) @ 0x0000000003f1d704 [0x0000000003f1d180+0x584]
j  com.sun.javafx.event.EventHandlerManager.dispatchBubblingEvent(Ljavafx/event/Event;)Ljavafx/event/Event;+8
j  com.sun.javafx.event.CompositeEventDispatcher.dispatchBubblingEvent(Ljavafx/event/Event;)Ljavafx/event/Event;+11
j  com.sun.javafx.event.BasicEventDispatcher.dispatchEvent(Ljavafx/event/Event;Ljavafx/event/EventDispatchChain;)Ljavafx/event/Event;+29
J 3985 C1 com.sun.javafx.event.EventDispatchChainImpl.dispatchEvent(Ljavafx/event/Event;)Ljavafx/event/Event; (101 bytes) @ 0x0000000003f2cff4 [0x0000000003f2ce40+0x1b4]
j  com.sun.javafx.event.BasicEventDispatcher.dispatchEvent(Ljavafx/event/Event;Ljavafx/event/EventDispatchChain;)Ljavafx/event/Event;+17
J 3985 C1 com.sun.javafx.event.EventDispatchChainImpl.dispatchEvent(Ljavafx/event/Event;)Ljavafx/event/Event; (101 bytes) @ 0x0000000003f2cff4 [0x0000000003f2ce40+0x1b4]
j  com.sun.javafx.event.BasicEventDispatcher.dispatchEvent(Ljavafx/event/Event;Ljavafx/event/EventDispatchChain;)Ljavafx/event/Event;+17
J 3985 C1 com.sun.javafx.event.EventDispatchChainImpl.dispatchEvent(Ljavafx/event/Event;)Ljavafx/event/Event; (101 bytes) @ 0x0000000003f2cff4 [0x0000000003f2ce40+0x1b4]
j  com.sun.javafx.event.BasicEventDispatcher.dispatchEvent(Ljavafx/event/Event;Ljavafx/event/EventDispatchChain;)Ljavafx/event/Event;+17
J 3985 C1 com.sun.javafx.event.EventDispatchChainImpl.dispatchEvent(Ljavafx/event/Event;)Ljavafx/event/Event; (101 bytes) @ 0x0000000003f2cff4 [0x0000000003f2ce40+0x1b4]
j  com.sun.javafx.event.EventUtil.fireEventImpl(Ljavafx/event/EventDispatchChain;Ljavafx/event/EventTarget;Ljavafx/event/Event;)Ljavafx/event/Event;+10
j  com.sun.javafx.event.EventUtil.fireEvent(Ljavafx/event/EventTarget;Ljavafx/event/Event;)Ljavafx/event/Event;+46
j  javafx.event.Event.fireEvent(Ljavafx/event/EventTarget;Ljavafx/event/Event;)V+30
j  javafx.scene.Scene$MouseHandler.process(Ljavafx/scene/input/MouseEvent;Z)V+491
j  javafx.scene.Scene$MouseHandler.access$1500(Ljavafx/scene/Scene$MouseHandler;Ljavafx/scene/input/MouseEvent;Z)V+3
j  javafx.scene.Scene.impl_processMouseEvent(Ljavafx/scene/input/MouseEvent;)V+6
j  javafx.scene.Scene$ScenePeerListener.mouseEvent(Ljavafx/event/EventType;DDDDLjavafx/scene/input/MouseButton;ZZZZZZZZZ)V+46
j  com.sun.javafx.tk.quantum.GlassViewEventHandler$MouseEventNotification.run()Ljava/lang/Void;+514
j  com.sun.javafx.tk.quantum.GlassViewEventHandler$MouseEventNotification.run()Ljava/lang/Object;+1
v  ~StubRoutines::call_stub
J 1015  java.security.AccessController.doPrivileged(Ljava/security/PrivilegedAction;Ljava/security/AccessControlContext;)Ljava/lang/Object; (0 bytes) @ 0x00000000035a5b26 [0x00000000035a5ac0+0x66]
j  com.sun.javafx.tk.quantum.GlassViewEventHandler.lambda$handleMouseEvent$354()Ljava/lang/Void;+11
j  com.sun.javafx.tk.quantum.GlassViewEventHandler$$Lambda$293.get()Ljava/lang/Object;+4
j  com.sun.javafx.tk.quantum.QuantumToolkit.runWithoutRenderLock(Ljava/util/function/Supplier;)Ljava/lang/Object;+18
j  com.sun.javafx.tk.quantum.GlassViewEventHandler.handleMouseEvent(Lcom/sun/glass/ui/View;JIIIIIIIZZ)V+103
j  com.sun.glass.ui.View.handleMouseEvent(JIIIIIIIZZ)V+30
j  com.sun.glass.ui.View.notifyMouse(IIIIIIIZZ)V+181
v  ~StubRoutines::call_stub
j  com.sun.glass.ui.win.WinApplication._runLoop(Ljava/lang/Runnable;)V+0
j  com.sun.glass.ui.win.WinApplication.lambda$null$148(ILjava/lang/Runnable;)V+8
j  com.sun.glass.ui.win.WinApplication$$Lambda$40.run()V+12
j  java.lang.Thread.run()V+11
v  ~StubRoutines::call_stub

---------------  P R O C E S S  ---------------

Java Threads: ( => current thread )
  0x000000001a9e7800 JavaThread "DestroyJavaVM" [_thread_blocked, id=12788, stack(0x0000000003000000,0x0000000003100000)]
  0x0000000017c7f800 JavaThread "Prism Font Disposer" daemon [_thread_blocked, id=11712, stack(0x0000000042370000,0x0000000042470000)]
  0x00000000178f0000 JavaThread "Thread-4" daemon [_thread_in_native, id=10200, stack(0x000000001a260000,0x000000001a360000)]
=>0x00000000179e5000 JavaThread "JavaFX Application Thread" [_thread_in_native, id=12104, stack(0x00000000186d0000,0x00000000187d0000)]
  0x00000000179e4000 JavaThread "Thread-3" daemon [_thread_blocked, id=1112, stack(0x00000000185d0000,0x00000000186d0000)]
  0x0000000016a51000 JavaThread "Service Thread" daemon [_thread_blocked, id=11520, stack(0x00000000174b0000,0x00000000175b0000)]
  0x00000000169c1800 JavaThread "C1 CompilerThread3" daemon [_thread_blocked, id=11404, stack(0x00000000173b0000,0x00000000174b0000)]
  0x00000000169bf000 JavaThread "C2 CompilerThread2" daemon [_thread_blocked, id=8600, stack(0x00000000172b0000,0x00000000173b0000)]
  0x00000000169ba000 JavaThread "C2 CompilerThread1" daemon [_thread_blocked, id=1000, stack(0x00000000171b0000,0x00000000172b0000)]
  0x00000000169b4800 JavaThread "C2 CompilerThread0" daemon [_thread_blocked, id=12968, stack(0x00000000170b0000,0x00000000171b0000)]
  0x00000000169ae000 JavaThread "Attach Listener" daemon [_thread_blocked, id=4256, stack(0x0000000016fb0000,0x00000000170b0000)]
  0x00000000169ad800 JavaThread "Signal Dispatcher" daemon [_thread_blocked, id=13224, stack(0x0000000016eb0000,0x0000000016fb0000)]
  0x0000000016950800 JavaThread "Finalizer" daemon [_thread_blocked, id=10756, stack(0x0000000016d30000,0x0000000016e30000)]
  0x00000000031f7000 JavaThread "Reference Handler" daemon [_thread_blocked, id=11848, stack(0x0000000016830000,0x0000000016930000)]

Other Threads:
  0x0000000014a69800 VMThread [stack: 0x0000000016730000,0x0000000016830000] [id=12552]
  0x0000000016aa9800 WatcherThread [stack: 0x00000000175b0000,0x00000000176b0000] [id=12336]

VM state:not at safepoint (normal execution)

VM Mutex/Monitor currently owned by a thread: None

Heap:
 PSYoungGen      total 132096K, used 120886K [0x00000000f5580000, 0x00000000fef00000, 0x0000000100000000)
  eden space 117248K, 90% used [0x00000000f5580000,0x00000000fbd0f478,0x00000000fc800000)
  from space 14848K, 99% used [0x00000000fdb00000,0x00000000fe97e600,0x00000000fe980000)
  to   space 19456K, 0% used [0x00000000fc800000,0x00000000fc800000,0x00000000fdb00000)
 ParOldGen       total 68096K, used 25874K [0x00000000e0000000, 0x00000000e4280000, 0x00000000f5580000)
  object space 68096K, 37% used [0x00000000e0000000,0x00000000e1944818,0x00000000e4280000)
 Metaspace       used 32269K, capacity 33762K, committed 33920K, reserved 1079296K
  class space    used 4306K, capacity 4626K, committed 4736K, reserved 1048576K

Card table byte_map: [0x00000000125c0000,0x00000000126d0000] byte_map_base: 0x0000000011ec0000

Marking Bits: (ParMarkBitMap*) 0x000000005d07c720
 Begin Bits: [0x0000000012f80000, 0x0000000013780000)
 End Bits:   [0x0000000013780000, 0x0000000013f80000)

Polling page: 0x0000000002be0000

CodeCache: size=245760Kb used=20025Kb max_used=20223Kb free=225735Kb
 bounds [0x0000000003200000, 0x0000000004640000, 0x0000000012200000]
 total_blobs=6479 nmethods=5746 adapters=644
 compilation: enabled

Compilation events (10 events):
Event: 48.000 Thread 0x00000000169c1800 nmethod 6834 0x00000000036f2c10 code [0x00000000036f2ea0, 0x00000000036f3fc8]
Event: 48.000 Thread 0x00000000169c1800 6833       1       com.fasterxml.jackson.core.io.SerializedString::getValue (5 bytes)
Event: 48.000 Thread 0x00000000169c1800 nmethod 6833 0x0000000004053f50 code [0x00000000040540a0, 0x00000000040541b0]
Event: 48.000 Thread 0x00000000169c1800 6836       3       org.codehaus.groovy.runtime.InvokerHelper::toString (54 bytes)
Event: 48.000 Thread 0x00000000169c1800 nmethod 6836 0x0000000003aa6310 code [0x0000000003aa6520, 0x0000000003aa7058]
Event: 48.000 Thread 0x00000000169c1800 6835       3       java.util.regex.Pattern::mark (11 bytes)
Event: 48.001 Thread 0x00000000169c1800 nmethod 6835 0x0000000003b30250 code [0x0000000003b303a0, 0x0000000003b30510]
Event: 48.002 Thread 0x00000000169ba000 nmethod 6831 0x0000000003453650 code [0x00000000034537c0, 0x0000000003453c98]
Event: 48.094 Thread 0x00000000169bf000 6837       4       java.lang.StringBuilder::append (9 bytes)
Event: 48.099 Thread 0x00000000169bf000 nmethod 6837 0x0000000003bae410 code [0x0000000003bae560, 0x0000000003bae9d8]

GC Heap History (10 events):
Event: 1.590 GC heap before
{Heap before GC invocations=5 (full 1):
 PSYoungGen      total 71680K, used 5093K [0x00000000f5580000, 0x00000000fa080000, 0x0000000100000000)
  eden space 66560K, 0% used [0x00000000f5580000,0x00000000f5580000,0x00000000f9680000)
  from space 5120K, 99% used [0x00000000f9b80000,0x00000000fa079640,0x00000000fa080000)
  to   space 5120K, 0% used [0x00000000f9680000,0x00000000f9680000,0x00000000f9b80000)
 ParOldGen       total 87552K, used 9623K [0x00000000e0000000, 0x00000000e5580000, 0x00000000f5580000)
  object space 87552K, 10% used [0x00000000e0000000,0x00000000e0965ec8,0x00000000e5580000)
 Metaspace       used 20781K, capacity 21218K, committed 21296K, reserved 1069056K
  class space    used 2556K, capacity 2674K, committed 2688K, reserved 1048576K
Event: 1.641 GC heap after
Heap after GC invocations=5 (full 1):
 PSYoungGen      total 71680K, used 0K [0x00000000f5580000, 0x00000000fa080000, 0x0000000100000000)
  eden space 66560K, 0% used [0x00000000f5580000,0x00000000f5580000,0x00000000f9680000)
  from space 5120K, 0% used [0x00000000f9b80000,0x00000000f9b80000,0x00000000fa080000)
  to   space 5120K, 0% used [0x00000000f9680000,0x00000000f9680000,0x00000000f9b80000)
 ParOldGen       total 68096K, used 10284K [0x00000000e0000000, 0x00000000e4280000, 0x00000000f5580000)
  object space 68096K, 15% used [0x00000000e0000000,0x00000000e0a0b230,0x00000000e4280000)
 Metaspace       used 20781K, capacity 21218K, committed 21296K, reserved 1069056K
  class space    used 2556K, capacity 2674K, committed 2688K, reserved 1048576K
}
Event: 2.091 GC heap before
{Heap before GC invocations=6 (full 1):
 PSYoungGen      total 71680K, used 66560K [0x00000000f5580000, 0x00000000fa080000, 0x0000000100000000)
  eden space 66560K, 100% used [0x00000000f5580000,0x00000000f9680000,0x00000000f9680000)
  from space 5120K, 0% used [0x00000000f9b80000,0x00000000f9b80000,0x00000000fa080000)
  to   space 5120K, 0% used [0x00000000f9680000,0x00000000f9680000,0x00000000f9b80000)
 ParOldGen       total 68096K, used 10284K [0x00000000e0000000, 0x00000000e4280000, 0x00000000f5580000)
  object space 68096K, 15% used [0x00000000e0000000,0x00000000e0a0b230,0x00000000e4280000)
 Metaspace       used 23027K, capacity 23670K, committed 23936K, reserved 1071104K
  class space    used 2954K, capacity 3132K, committed 3200K, reserved 1048576K
Event: 2.095 GC heap after
Heap after GC invocations=6 (full 1):
 PSYoungGen      total 71680K, used 4720K [0x00000000f5580000, 0x00000000fc080000, 0x0000000100000000)
  eden space 66560K, 0% used [0x00000000f5580000,0x00000000f5580000,0x00000000f9680000)
  from space 5120K, 92% used [0x00000000f9680000,0x00000000f9b1c010,0x00000000f9b80000)
  to   space 9728K, 0% used [0x00000000fb700000,0x00000000fb700000,0x00000000fc080000)
 ParOldGen       total 68096K, used 10292K [0x00000000e0000000, 0x00000000e4280000, 0x00000000f5580000)
  object space 68096K, 15% used [0x00000000e0000000,0x00000000e0a0d230,0x00000000e4280000)
 Metaspace       used 23027K, capacity 23670K, committed 23936K, reserved 1071104K
  class space    used 2954K, capacity 3132K, committed 3200K, reserved 1048576K
}
Event: 2.276 GC heap before
{Heap before GC invocations=7 (full 1):
 PSYoungGen      total 71680K, used 71280K [0x00000000f5580000, 0x00000000fc080000, 0x0000000100000000)
  eden space 66560K, 100% used [0x00000000f5580000,0x00000000f9680000,0x00000000f9680000)
  from space 5120K, 92% used [0x00000000f9680000,0x00000000f9b1c010,0x00000000f9b80000)
  to   space 9728K, 0% used [0x00000000fb700000,0x00000000fb700000,0x00000000fc080000)
 ParOldGen       total 68096K, used 10292K [0x00000000e0000000, 0x00000000e4280000, 0x00000000f5580000)
  object space 68096K, 15% used [0x00000000e0000000,0x00000000e0a0d230,0x00000000e4280000)
 Metaspace       used 24001K, capacity 24562K, committed 24704K, reserved 1071104K
  class space    used 3177K, capacity 3334K, committed 3456K, reserved 1048576K
Event: 2.282 GC heap after
Heap after GC invocations=7 (full 1):
 PSYoungGen      total 100352K, used 7329K [0x00000000f5580000, 0x00000000fc280000, 0x0000000100000000)
  eden space 90624K, 0% used [0x00000000f5580000,0x00000000f5580000,0x00000000fae00000)
  from space 9728K, 75% used [0x00000000fb700000,0x00000000fbe287e0,0x00000000fc080000)
  to   space 9216K, 0% used [0x00000000fae00000,0x00000000fae00000,0x00000000fb700000)
 ParOldGen       total 68096K, used 10300K [0x00000000e0000000, 0x00000000e4280000, 0x00000000f5580000)
  object space 68096K, 15% used [0x00000000e0000000,0x00000000e0a0f230,0x00000000e4280000)
 Metaspace       used 24001K, capacity 24562K, committed 24704K, reserved 1071104K
  class space    used 3177K, capacity 3334K, committed 3456K, reserved 1048576K
}
Event: 5.134 GC heap before
{Heap before GC invocations=8 (full 1):
 PSYoungGen      total 100352K, used 97953K [0x00000000f5580000, 0x00000000fc280000, 0x0000000100000000)
  eden space 90624K, 100% used [0x00000000f5580000,0x00000000fae00000,0x00000000fae00000)
  from space 9728K, 75% used [0x00000000fb700000,0x00000000fbe287e0,0x00000000fc080000)
  to   space 9216K, 0% used [0x00000000fae00000,0x00000000fae00000,0x00000000fb700000)
 ParOldGen       total 68096K, used 10300K [0x00000000e0000000, 0x00000000e4280000, 0x00000000f5580000)
  object space 68096K, 15% used [0x00000000e0000000,0x00000000e0a0f230,0x00000000e4280000)
 Metaspace       used 29452K, capacity 30826K, committed 30976K, reserved 1075200K
  class space    used 4026K, capacity 4314K, committed 4352K, reserved 1048576K
Event: 5.145 GC heap after
Heap after GC invocations=8 (full 1):
 PSYoungGen      total 99840K, used 9209K [0x00000000f5580000, 0x00000000fe980000, 0x0000000100000000)
  eden space 90624K, 0% used [0x00000000f5580000,0x00000000f5580000,0x00000000fae00000)
  from space 9216K, 99% used [0x00000000fae00000,0x00000000fb6fe600,0x00000000fb700000)
  to   space 14848K, 0% used [0x00000000fdb00000,0x00000000fdb00000,0x00000000fe980000)
 ParOldGen       total 68096K, used 18988K [0x00000000e0000000, 0x00000000e4280000, 0x00000000f5580000)
  object space 68096K, 27% used [0x00000000e0000000,0x00000000e128b278,0x00000000e4280000)
 Metaspace       used 29452K, capacity 30826K, committed 30976K, reserved 1075200K
  class space    used 4026K, capacity 4314K, committed 4352K, reserved 1048576K
}
Event: 10.682 GC heap before
{Heap before GC invocations=9 (full 1):
 PSYoungGen      total 99840K, used 99833K [0x00000000f5580000, 0x00000000fe980000, 0x0000000100000000)
  eden space 90624K, 100% used [0x00000000f5580000,0x00000000fae00000,0x00000000fae00000)
  from space 9216K, 99% used [0x00000000fae00000,0x00000000fb6fe600,0x00000000fb700000)
  to   space 14848K, 0% used [0x00000000fdb00000,0x00000000fdb00000,0x00000000fe980000)
 ParOldGen       total 68096K, used 18988K [0x00000000e0000000, 0x00000000e4280000, 0x00000000f5580000)
  object space 68096K, 27% used [0x00000000e0000000,0x00000000e128b278,0x00000000e4280000)
 Metaspace       used 31271K, capacity 32746K, committed 33024K, reserved 1077248K
  class space    used 4255K, capacity 4510K, committed 4608K, reserved 1048576K
Event: 10.714 GC heap after
Heap after GC invocations=9 (full 1):
 PSYoungGen      total 132096K, used 14841K [0x00000000f5580000, 0x00000000fef00000, 0x0000000100000000)
  eden space 117248K, 0% used [0x00000000f5580000,0x00000000f5580000,0x00000000fc800000)
  from space 14848K, 99% used [0x00000000fdb00000,0x00000000fe97e600,0x00000000fe980000)
  to   space 19456K, 0% used [0x00000000fc800000,0x00000000fc800000,0x00000000fdb00000)
 ParOldGen       total 68096K, used 25874K [0x00000000e0000000, 0x00000000e4280000, 0x00000000f5580000)
  object space 68096K, 37% used [0x00000000e0000000,0x00000000e1944818,0x00000000e4280000)
 Metaspace       used 31271K, capacity 32746K, committed 33024K, reserved 1077248K
  class space    used 4255K, capacity 4510K, committed 4608K, reserved 1048576K
}

Deoptimization events (10 events):
Event: 47.394 Thread 0x00000000179e5000 Uncommon trap: reason=unstable_if action=reinterpret pc=0x000000000429f2d8 method=com.sun.javafx.util.WeakReferenceQueue.remove(Ljava/lang/Object;)V @ 27
Event: 47.560 Thread 0x00000000179e5000 Uncommon trap: reason=unstable_if action=reinterpret pc=0x0000000003513e14 method=java.util.concurrent.locks.ReentrantLock$NonfairSync.lock()V @ 6
Event: 47.560 Thread 0x00000000179e5000 Uncommon trap: reason=unstable_if action=reinterpret pc=0x0000000003946274 method=java.util.concurrent.locks.ReentrantLock$Sync.tryRelease(I)Z @ 28
Event: 47.560 Thread 0x00000000179e5000 Uncommon trap: reason=unstable_if action=reinterpret pc=0x00000000045ac988 method=java.util.concurrent.locks.ReentrantLock$NonfairSync.lock()V @ 6
Event: 47.560 Thread 0x00000000179e5000 Uncommon trap: reason=unstable_if action=reinterpret pc=0x0000000003aa3c40 method=java.util.concurrent.locks.ReentrantLock$Sync.tryRelease(I)Z @ 28
Event: 47.560 Thread 0x00000000179e5000 Uncommon trap: reason=unstable_if action=reinterpret pc=0x0000000004595d1c method=java.util.concurrent.locks.AbstractQueuedSynchronizer.release(I)Z @ 5
Event: 47.561 Thread 0x00000000179e5000 Uncommon trap: reason=uninitialized action=reinterpret pc=0x0000000003abcd08 method=org.codehaus.groovy.reflection.CachedMethod.invoke(Ljava/lang/Object;[Ljava/lang/Object;)Ljava/lang/Object; @ 32
Event: 47.992 Thread 0x00000000179e5000 Uncommon trap: reason=class_check action=maybe_recompile pc=0x0000000003de08b8 method=org.codehaus.groovy.reflection.CachedMethod.invoke(Ljava/lang/Object;[Ljava/lang/Object;)Ljava/lang/Object; @ 39
Event: 48.095 Thread 0x00000000179e5000 Uncommon trap: reason=class_check action=maybe_recompile pc=0x0000000003de08b8 method=org.codehaus.groovy.reflection.CachedMethod.invoke(Ljava/lang/Object;[Ljava/lang/Object;)Ljava/lang/Object; @ 39
Event: 48.198 Thread 0x00000000179e5000 Uncommon trap: reason=class_check action=maybe_recompile pc=0x0000000003de08b8 method=org.codehaus.groovy.reflection.CachedMethod.invoke(Ljava/lang/Object;[Ljava/lang/Object;)Ljava/lang/Object; @ 39

Internal exceptions (10 events):
Event: 46.257 Thread 0x00000000179e5000 Implicit null exception at 0x000000000448028e to 0x00000000044807b5
Event: 47.400 Thread 0x00000000179e5000 Implicit null exception at 0x000000000360dfbf to 0x0000000003610d08
Event: 47.400 Thread 0x00000000179e5000 Exception <a 'java/lang/NullPointerException'> (0x00000000fb3da030) thrown at [C:\re\workspace\8-2-build-windows-amd64-cygwin\jdk8u131\8869\hotspot\src\share\vm\runtime\sharedRuntime.cpp, line 605]
Event: 47.561 Thread 0x00000000179e5000 Implicit null exception at 0x000000000344f4da to 0x000000000344f5be
Event: 47.561 Thread 0x00000000179e5000 Exception <a 'java/lang/NullPointerException'> (0x00000000fb7c18e0) thrown at [C:\re\workspace\8-2-build-windows-amd64-cygwin\jdk8u131\8869\hotspot\src\share\vm\runtime\sharedRuntime.cpp, line 605]
Event: 47.561 Thread 0x00000000179e5000 Exception <a 'java/lang/reflect/InvocationTargetException'> (0x00000000fb7c2470) thrown at [C:\re\workspace\8-2-build-windows-amd64-cygwin\jdk8u131\8869\hotspot\src\share\vm\runtime\reflection.cpp, line 1092]
Event: 47.992 Thread 0x00000000179e5000 Exception <a 'java/lang/reflect/InvocationTargetException'> (0x00000000fb8e7d20) thrown at [C:\re\workspace\8-2-build-windows-amd64-cygwin\jdk8u131\8869\hotspot\src\share\vm\runtime\reflection.cpp, line 1092]
Event: 48.095 Thread 0x00000000179e5000 Exception <a 'java/lang/reflect/InvocationTargetException'> (0x00000000fba903e0) thrown at [C:\re\workspace\8-2-build-windows-amd64-cygwin\jdk8u131\8869\hotspot\src\share\vm\runtime\reflection.cpp, line 1092]
Event: 48.095 Thread 0x00000000179e5000 Exception <a 'java/lang/IllegalStateException'> (0x00000000fba8f7f8) thrown at [C:\re\workspace\8-2-build-windows-amd64-cygwin\jdk8u131\8869\hotspot\src\share\vm\prims\jvm.cpp, line 1394]
Event: 48.198 Thread 0x00000000179e5000 Exception <a 'java/lang/reflect/InvocationTargetException'> (0x00000000fbba06e0) thrown at [C:\re\workspace\8-2-build-windows-amd64-cygwin\jdk8u131\8869\hotspot\src\share\vm\runtime\reflection.cpp, line 1092]

Events (10 events):
Event: 47.956 Thread 0x00000000179e5000 DEOPT UNPACKING pc=0x000000000324787f sp=0x00000000187c7648 mode 0
Event: 47.992 Thread 0x00000000179e5000 Uncommon trap: trap_request=0xffffffde fr.pc=0x0000000003de08b8
Event: 47.993 Thread 0x00000000179e5000 DEOPT PACKING pc=0x0000000003de08b8 sp=0x00000000187c8940
Event: 47.993 Thread 0x00000000179e5000 DEOPT UNPACKING pc=0x000000000324582a sp=0x00000000187c8790 mode 2
Event: 48.095 Thread 0x00000000179e5000 Uncommon trap: trap_request=0xffffffde fr.pc=0x0000000003de08b8
Event: 48.095 Thread 0x00000000179e5000 DEOPT PACKING pc=0x0000000003de08b8 sp=0x00000000187c8a40
Event: 48.095 Thread 0x00000000179e5000 DEOPT UNPACKING pc=0x000000000324582a sp=0x00000000187c8890 mode 2
Event: 48.198 Thread 0x00000000179e5000 Uncommon trap: trap_request=0xffffffde fr.pc=0x0000000003de08b8
Event: 48.198 Thread 0x00000000179e5000 DEOPT PACKING pc=0x0000000003de08b8 sp=0x00000000187cafc0
Event: 48.198 Thread 0x00000000179e5000 DEOPT UNPACKING pc=0x000000000324582a sp=0x00000000187cae10 mode 2


Dynamic libraries:
0x00007ff66c620000 - 0x00007ff66c657000 	C:\Java\jdk1.8.0_131\jre\bin\java.exe
0x00007ffcda290000 - 0x00007ffcda43d000 	C:\Windows\SYSTEM32\ntdll.dll
0x00007ffcd9d60000 - 0x00007ffcd9e9e000 	C:\Windows\system32\KERNEL32.DLL
0x00007ffcd7570000 - 0x00007ffcd7685000 	C:\Windows\system32\KERNELBASE.dll
0x00007ffcd5f80000 - 0x00007ffcd600e000 	C:\Windows\system32\apphelp.dll
0x00007ffcc52e0000 - 0x00007ffcc5333000 	C:\Windows\AppPatch\AppPatch64\AcGenral.DLL
0x00007ffcd7a30000 - 0x00007ffcd7ada000 	C:\Windows\system32\msvcrt.dll
0x00007ffcd7540000 - 0x00007ffcd756e000 	C:\Windows\system32\SspiCli.dll
0x00007ffcd9d00000 - 0x00007ffcd9d54000 	C:\Windows\system32\SHLWAPI.dll
0x00007ffcd9a20000 - 0x00007ffcd9b97000 	C:\Windows\system32\USER32.dll
0x00007ffcda0f0000 - 0x00007ffcda284000 	C:\Windows\system32\ole32.dll
0x00007ffcd7c60000 - 0x00007ffcd9189000 	C:\Windows\system32\SHELL32.dll
0x00007ffcd6980000 - 0x00007ffcd69a1000 	C:\Windows\SYSTEM32\USERENV.dll
0x00007ffcd7980000 - 0x00007ffcd7a2a000 	C:\Windows\system32\ADVAPI32.dll
0x00007ffcc9c60000 - 0x00007ffcc9c7e000 	C:\Windows\SYSTEM32\MPR.dll
0x00007ffcd9580000 - 0x00007ffcd96c0000 	C:\Windows\system32\RPCRT4.dll
0x00007ffcd7920000 - 0x00007ffcd7979000 	C:\Windows\SYSTEM32\sechost.dll
0x00007ffcd9ed0000 - 0x00007ffcda0e2000 	C:\Windows\SYSTEM32\combase.dll
0x00007ffcd9430000 - 0x00007ffcd957b000 	C:\Windows\system32\GDI32.dll
0x00007ffcd73c0000 - 0x00007ffcd73d5000 	C:\Windows\SYSTEM32\profapi.dll
0x00007ffcd4160000 - 0x00007ffcd4212000 	C:\Windows\SYSTEM32\SHCORE.dll
0x00007ffcd7b50000 - 0x00007ffcd7b86000 	C:\Windows\system32\IMM32.DLL
0x00007ffcd9ba0000 - 0x00007ffcd9cf1000 	C:\Windows\system32\MSCTF.dll
0x00007ffcd3160000 - 0x00007ffcd33db000 	C:\Windows\WinSxS\amd64_microsoft.windows.common-controls_6595b64144ccf1df_6.0.9600.18006_none_623f33d3ecbe86e8\COMCTL32.dll
0x00007ffcd28a0000 - 0x00007ffcd294c000 	C:\Windows\system32\tmumh\20019\AddOn\7.0.0.1137\TmUmEvt64.dll
0x00007ffcd9720000 - 0x00007ffcd9727000 	C:\Windows\system32\PSAPI.DLL
0x000000005eb20000 - 0x000000005ec36000 	C:\Windows\system32\tmumh\20019\TmMon\2.5.0.2056\tmmon64.dll
0x00007ffcd2630000 - 0x00007ffcd263a000 	C:\Windows\SYSTEM32\VERSION.dll
0x0000000180000000 - 0x0000000180103000 	C:\Program Files\MacType\MacType64.dll
0x00007ffcc9b90000 - 0x00007ffcc9be7000 	C:\Windows\SYSTEM32\EasyHk64.dll
0x00007ffcd7290000 - 0x00007ffcd729b000 	C:\Windows\SYSTEM32\CRYPTBASE.DLL
0x00007ffcd7220000 - 0x00007ffcd7283000 	C:\Windows\SYSTEM32\bcryptPrimitives.dll
0x000000005d100000 - 0x000000005d1d2000 	C:\Java\jdk1.8.0_131\jre\bin\msvcr100.dll
0x000000005c860000 - 0x000000005d0fc000 	C:\Java\jdk1.8.0_131\jre\bin\server\jvm.dll
0x00007ffccb650000 - 0x00007ffccb659000 	C:\Windows\SYSTEM32\WSOCK32.dll
0x00007ffccf510000 - 0x00007ffccf532000 	C:\Windows\SYSTEM32\WINMM.dll
0x00007ffcd97f0000 - 0x00007ffcd984a000 	C:\Windows\system32\WS2_32.dll
0x00007ffccf4e0000 - 0x00007ffccf50a000 	C:\Windows\SYSTEM32\WINMMBASE.dll
0x00007ffcd9ea0000 - 0x00007ffcd9ea9000 	C:\Windows\system32\NSI.dll
0x0000000002b90000 - 0x0000000002bdf000 	C:\Windows\SYSTEM32\cfgmgr32.dll
0x00007ffcd61e0000 - 0x00007ffcd6208000 	C:\Windows\SYSTEM32\DEVOBJ.dll
0x000000005c850000 - 0x000000005c85f000 	C:\Java\jdk1.8.0_131\jre\bin\verify.dll
0x000000005c820000 - 0x000000005c849000 	C:\Java\jdk1.8.0_131\jre\bin\java.dll
0x000000005c800000 - 0x000000005c816000 	C:\Java\jdk1.8.0_131\jre\bin\zip.dll
0x00007ffcc0fe0000 - 0x00007ffcc10cf000 	C:\Java\jdk1.8.0_131\jre\bin\msvcr120.dll
0x00007ffcc0f30000 - 0x00007ffcc0fd6000 	C:\Java\jdk1.8.0_131\jre\bin\msvcp120.dll
0x000000005c7d0000 - 0x000000005c7f2000 	C:\Java\jdk1.8.0_131\jre\bin\prism_d3d.dll
0x00007ffcc42c0000 - 0x00007ffcc44e1000 	C:\Windows\system32\d3d9.dll
0x00007ffcd3e10000 - 0x00007ffcd3e31000 	C:\Windows\SYSTEM32\dwmapi.dll
0x00007ffcd6020000 - 0x00007ffcd6149000 	C:\Windows\system32\uxtheme.dll
0x000000005c780000 - 0x000000005c7c3000 	C:\Java\jdk1.8.0_131\jre\bin\glass.dll
0x0000000018510000 - 0x00000000185c6000 	C:\Windows\system32\COMDLG32.dll
0x00007ffcd7b90000 - 0x00007ffcd7c56000 	C:\Windows\system32\OLEAUT32.dll
0x00007ffcd6150000 - 0x00007ffcd615b000 	C:\Windows\SYSTEM32\kernel.appcore.dll
0x000000006ae40000 - 0x000000006ae62000 	C:\Users\Ziphil\AppData\Roaming\Sublime Text 3\Packages\IMESupport\imesupport_hook_x64.dll
0x000000005c760000 - 0x000000005c774000 	C:\Java\jdk1.8.0_131\jre\bin\javafx_font.dll
0x00007ffcd23c0000 - 0x00007ffcd25aa000 	C:\Windows\SYSTEM32\dwrite.dll
0x00007ffcd9730000 - 0x00007ffcd97e6000 	C:\Windows\SYSTEM32\clbcatq.dll
0x00007ffcd5b10000 - 0x00007ffcd5cbe000 	C:\Windows\SYSTEM32\WindowsCodecs.dll
0x00007ffcd6c50000 - 0x00007ffcd6c70000 	C:\Windows\SYSTEM32\CRYPTSP.dll
0x00007ffcd6870000 - 0x00007ffcd68a6000 	C:\Windows\system32\rsaenh.dll
0x00007ffcd6e90000 - 0x00007ffcd6eb6000 	C:\Windows\SYSTEM32\bcrypt.dll
0x00007ffcc0f00000 - 0x00007ffcc0f2e000 	C:\Program Files\Common Files\Microsoft Shared\Ink\rtscom.dll
0x000000005d6a0000 - 0x000000005d929000 	C:\Program Files (x86)\Google\Google Japanese Input\GoogleIMEJaTIP64.dll
0x00007ffcd2950000 - 0x00007ffcd2993000 	C:\Windows\SYSTEM32\input.dll
0x00007ffcd2f20000 - 0x00007ffcd30a9000 	C:\Windows\SYSTEM32\dbghelp.dll
0x00007ffcd3670000 - 0x00007ffcd3af1000 	C:\Windows\SYSTEM32\d2d1.dll
0x000000005c5a0000 - 0x000000005c5b1000 	C:\Java\jdk1.8.0_131\jre\bin\prism_common.dll

VM Arguments:
jvm_args: -Xmx512m 
java_command: ziphil.Launcher
java_class_path (initial): C:\Users\Ziphil\Documents\ドキュメント\アプリケーション\Dictionary\binary;C:\groovy\groovy-2.5.0-SNAPSHOT\embeddable\groovy-all-2.5.0-SNAPSHOT.jar;C:\groovy\groovy-2.5.0-SNAPSHOT\lib\commons-cli-1.3.1.jar;C:\groovy\groovy-2.5.0-SNAPSHOT\lib\commons-logging-1.2.jar;C:\Users\Ziphil\Documents\ドキュメント\アプリケーション\Dictionary\library\conveter.jar;C:\Users\Ziphil\Documents\ドキュメント\アプリケーション\Dictionary\library\jackson-annotations.jar;C:\Users\Ziphil\Documents\ドキュメント\アプリケーション\Dictionary\library\jackson-core.jar;C:\Users\Ziphil\Documents\ドキュメント\アプリケーション\Dictionary\library\jackson-databind.jar;C:\Users\Ziphil\Documents\ドキュメント\アプリケーション\Dictionary\library\orangesignal-csv.jar;C:\Users\Ziphil\Documents\ドキュメント\アプリケーション\Dictionary\library\scenicview.jar
Launcher Type: SUN_STANDARD

Environment Variables:
JAVA_HOME=C:\Java\jdk1.8.0_131
USERNAME=Ziphil
OS=Windows_NT
PROCESSOR_IDENTIFIER=Intel64 Family 6 Model 60 Stepping 3, GenuineIntel



---------------  S Y S T E M  ---------------

OS: Windows 8.1 , 64 bit Build 9600 (6.3.9600.17415)

CPU:total 8 (initial active 8) (4 cores per cpu, 2 threads per core) family 6 model 60 stepping 3, cmov, cx8, fxsr, mmx, sse, sse2, sse3, ssse3, sse4.1, sse4.2, popcnt, avx, avx2, aes, clmul, erms, lzcnt, ht, tsc, tscinvbit, bmi1, bmi2

Memory: 4k page, physical 8298584k(4347036k free), swap 13803608k(5755620k free)

vm_info: Java HotSpot(TM) 64-Bit Server VM (25.131-b11) for windows-amd64 JRE (1.8.0_131-b11), built on Mar 15 2017 01:23:53 by "java_re" with MS VC++ 10.0 (VS2010)

time: Mon Nov 20 22:28:54 2017
elapsed time: 48 seconds (0d 0h 0m 48s)

